#
# A fatal error has been detected by the Java Runtime Environment:
#
#  SIGSEGV (0xb) at pc=0x00000001103da988, pid=28307, tid=0x0000000000007e03
#
# JRE version: OpenJDK Runtime Environment (8.0_282) (build 1.8.0_282-bre_2021_01_20_16_37-b00)
# Java VM: OpenJDK 64-Bit Server VM (25.282-b00 mixed mode bsd-amd64 compressed oops)
# Problematic frame:
# V  [libjvm.dylib+0x565988]  Unsafe_GetByte+0xcd
#
# Failed to write core dump. Core dumps have been disabled. To enable core dumping, try "ulimit -c unlimited" before starting Java again
#
# If you would like to submit a bug report, please visit:
#   http://bugreport.java.com/bugreport/crash.jsp
#

---------------  T H R E A D  ---------------

Current thread (0x0000000135bade00):  JavaThread "SSTableBatchOpen:3" daemon [_thread_in_vm, id=32259, stack(0x000070000f8ba000,0x000070000f8fa000)]

siginfo: si_signo: 11 (SIGSEGV), si_code: 1 (SEGV_MAPERR), si_addr: 0x0000000000000000

Registers:
RAX=0x0000000110575190, RBX=0x0000000135bade00, RCX=0x000000013edc23ba, RDX=0x0000000000000000
RSP=0x000070000f8f8f10, RBP=0x000070000f8f8f40, RSI=0x000070000f8f8ff0, RDI=0x0000000135bae050
R8 =0x0000000000000000, R9 =0x0000000000000000, R10=0x000000011082d13b, R11=0x000000011035a837
R12=0x0000000000000000, R13=0x000000012c5cddd0, R14=0x000000013edc23ba, R15=0x0000000000000000
RIP=0x00000001103da988, EFLAGS=0x0000000000010246, ERR=0x0000000000000004
  TRAPNO=0x000000000000000e

Top of Stack: (sp=0x000070000f8f8f10)
0x000070000f8f8f10:   0000000000000000 0000000135bade00
0x000070000f8f8f20:   0000000135bade00 000000012c5cddd0
0x000070000f8f8f30:   000070000f8f8ff0 0000000135bade00
0x000070000f8f8f40:   000070000f8f8fb8 000000011082d167
0x000070000f8f8f50:   00000005f088bb48 00000005f088bb18
0x000070000f8f8f60:   00000005f088bb18 0000002800000000
0x000070000f8f8f70:   0000000135b65de8 000070000f8f8f78
0x000070000f8f8f80:   0000000000000000 000070000f8f8ff0
0x000070000f8f8f90:   000000012c5fd9e0 0000000000000000
0x000070000f8f8fa0:   000000012c5cddd0 0000000000000000
0x000070000f8f8fb0:   000070000f8f8fd8 000070000f8f9048
0x000070000f8f8fc0:   000000011081c700 0000000000000000
0x000070000f8f8fd0:   000000011082690e 000000013edc23ba
0x000070000f8f8fe0:   0000000000000000 0000000000000000
0x000070000f8f8ff0:   00000005c00089b8 0000000000000000
0x000070000f8f9000:   00000005f088bc48 000070000f8f9008
0x000070000f8f9010:   000000013599ce1b 000070000f8f9088
0x000070000f8f9020:   000000013599d6b8 0000000000000000
0x000070000f8f9030:   000000013599ce90 000070000f8f8fd8
0x000070000f8f9040:   000070000f8f9060 000070000f8f90d0
0x000070000f8f9050:   000000011081cffd 0000000000000000
0x000070000f8f9060:   0000000000000004 0000000000000000
0x000070000f8f9070:   00000005f088bc48 000000013edc23ba
0x000070000f8f9080:   000000011081c7d0 0000000000000000
0x000070000f8f9090:   000070000f8f9090 000000013599ca7f
0x000070000f8f90a0:   000070000f8f9108 000000013599d6b8
0x000070000f8f90b0:   0000000000000000 000000013599cad8
0x000070000f8f90c0:   000070000f8f9060 000070000f8f90e0
0x000070000f8f90d0:   000070000f8f9150 000000011081d042
0x000070000f8f90e0:   0000000000000004 0000000000000000
0x000070000f8f90f0:   00000005f088bc48 00000000000003ba
0x000070000f8f9100:   00000005f0885100 00000005d4116830 

Instructions: (pc=0x00000001103da988)
0x00000001103da968:   00 30 74 08 48 89 df e8 50 97 fe ff c7 83 c8 02
0x00000001103da978:   00 00 06 00 00 00 48 89 5d e0 41 f6 c7 01 75 05
0x00000001103da988:   49 8b 07 eb 08 4c 89 ff e8 35 2c dd ff 42 0f be
0x00000001103da998:   1c 30 48 8d 7d e0 e8 71 b7 d9 ff 48 8d 7d d8 e8 

Register to memory mapping:

RAX=0x0000000110575190: _ZN20SafepointSynchronize6_stateE+0 in /usr/local/Cellar/openjdk@8/1.8.0+282/libexec/openjdk.jdk/Contents/Home/jre/lib/server/libjvm.dylib at 0x000000010fe75000
RBX=0x0000000135bade00 is a thread
RCX=0x000000013edc23ba is an unknown value
RDX=0x0000000000000000 is an unknown value
RSP=0x000070000f8f8f10 is pointing into the stack for thread: 0x0000000135bade00
RBP=0x000070000f8f8f40 is pointing into the stack for thread: 0x0000000135bade00
RSI=0x000070000f8f8ff0 is pointing into the stack for thread: 0x0000000135bade00
RDI=0x0000000135bae050 is an unknown value
R8 =0x0000000000000000 is an unknown value
R9 =0x0000000000000000 is an unknown value
R10=0x000000011082d13b is at code_begin+859 in an Interpreter codelet
method entry point (kind = native)  [0x000000011082cde0, 0x000000011082d760]  2432 bytes
R11=0x000000011035a837: throw_unsatisfied_link_error+0 in /usr/local/Cellar/openjdk@8/1.8.0+282/libexec/openjdk.jdk/Contents/Home/jre/lib/server/libjvm.dylib at 0x000000010fe75000
R12=0x0000000000000000 is an unknown value
R13={method} {0x000000012c5cddd0} 'getByte' '(Ljava/lang/Object;J)B' in 'sun/misc/Unsafe'
R14=0x000000013edc23ba is an unknown value
R15=0x0000000000000000 is an unknown value


Stack: [0x000070000f8ba000,0x000070000f8fa000],  sp=0x000070000f8f8f10,  free space=251k
Native frames: (J=compiled Java code, j=interpreted, Vv=VM code, C=native code)
V  [libjvm.dylib+0x565988]  Unsafe_GetByte+0xcd
j  sun.misc.Unsafe.getByte(Ljava/lang/Object;J)B+0
j  org.apache.cassandra.utils.FastByteOperations$UnsafeOperations.copy(Ljava/lang/Object;J[BII)V+35
j  org.apache.cassandra.utils.FastByteOperations$UnsafeOperations.copy(Ljava/nio/ByteBuffer;I[BII)V+47
j  org.apache.cassandra.utils.FastByteOperations.copy(Ljava/nio/ByteBuffer;I[BII)V+9
j  org.apache.cassandra.io.util.RebufferingInputStream.read([BII)I+137
j  org.apache.cassandra.io.util.RebufferingInputStream.readFully([BII)V+4
j  org.apache.cassandra.io.util.RebufferingInputStream.readFully([B)V+5
j  org.apache.cassandra.utils.ByteBufferUtil.read(Ljava/io/DataInput;I)Ljava/nio/ByteBuffer;+14
j  org.apache.cassandra.utils.ByteBufferUtil.readWithVIntLength(Lorg/apache/cassandra/io/util/DataInputPlus;)Ljava/nio/ByteBuffer;+24
j  org.apache.cassandra.db.SerializationHeader$Serializer.readColumnsWithType(Lorg/apache/cassandra/io/util/DataInputPlus;Ljava/util/Map;)V+18
j  org.apache.cassandra.db.SerializationHeader$Serializer.deserialize(Lorg/apache/cassandra/io/sstable/format/Version;Lorg/apache/cassandra/io/util/DataInputPlus;)Lorg/apache/cassandra/db/SerializationHeader$Component;+93
j  org.apache.cassandra.db.SerializationHeader$Serializer.deserialize(Lorg/apache/cassandra/io/sstable/format/Version;Lorg/apache/cassandra/io/util/DataInputPlus;)Lorg/apache/cassandra/io/sstable/metadata/MetadataComponent;+3
j  org.apache.cassandra.io.sstable.metadata.MetadataSerializer.deserialize(Lorg/apache/cassandra/io/sstable/Descriptor;Lorg/apache/cassandra/io/util/FileDataInput;Ljava/util/EnumSet;)Ljava/util/Map;+146
j  org.apache.cassandra.io.sstable.metadata.MetadataSerializer.deserialize(Lorg/apache/cassandra/io/sstable/Descriptor;Ljava/util/EnumSet;)Ljava/util/Map;+87
j  org.apache.cassandra.io.sstable.format.SSTableReader.open(Lorg/apache/cassandra/io/sstable/Descriptor;Ljava/util/Set;Lorg/apache/cassandra/config/CFMetaData;ZZ)Lorg/apache/cassandra/io/sstable/format/SSTableReader;+170
j  org.apache.cassandra.io.sstable.format.SSTableReader.open(Lorg/apache/cassandra/io/sstable/Descriptor;Ljava/util/Set;Lorg/apache/cassandra/config/CFMetaData;)Lorg/apache/cassandra/io/sstable/format/SSTableReader;+5
j  org.apache.cassandra.io.sstable.format.SSTableReader$3.run()V+28
j  java.util.concurrent.Executors$RunnableAdapter.call()Ljava/lang/Object;+4
j  java.util.concurrent.FutureTask.run()V+42
j  java.util.concurrent.ThreadPoolExecutor.runWorker(Ljava/util/concurrent/ThreadPoolExecutor$Worker;)V+95
j  java.util.concurrent.ThreadPoolExecutor$Worker.run()V+5
j  org.apache.cassandra.concurrent.NamedThreadFactory.lambda$threadLocalDeallocator$0(Ljava/lang/Runnable;)V+1
j  org.apache.cassandra.concurrent.NamedThreadFactory$$Lambda$5.run()V+4
j  java.lang.Thread.run()V+11
v  ~StubRoutines::call_stub
V  [libjvm.dylib+0x2cca1f]  JavaCalls::call_helper(JavaValue*, methodHandle*, JavaCallArguments*, Thread*)+0x689
V  [libjvm.dylib+0x2cb892]  JavaCalls::call_virtual(JavaValue*, KlassHandle, Symbol*, Symbol*, JavaCallArguments*, Thread*)+0x148
V  [libjvm.dylib+0x2cba73]  JavaCalls::call_virtual(JavaValue*, Handle, KlassHandle, Symbol*, Symbol*, Thread*)+0x57
V  [libjvm.dylib+0x3475d9]  thread_entry(JavaThread*, Thread*)+0x78
V  [libjvm.dylib+0x54d9fc]  JavaThread::thread_main_inner()+0x82
V  [libjvm.dylib+0x54d8c1]  JavaThread::run()+0x169
V  [libjvm.dylib+0x484453]  java_start(Thread*)+0xfa
C  [libsystem_pthread.dylib+0x6109]  _pthread_start+0x94
C  [libsystem_pthread.dylib+0x1b8b]  thread_start+0xf
C  0x0000000000000000

Java frames: (J=compiled Java code, j=interpreted, Vv=VM code)
j  sun.misc.Unsafe.getByte(Ljava/lang/Object;J)B+0
j  org.apache.cassandra.utils.FastByteOperations$UnsafeOperations.copy(Ljava/lang/Object;J[BII)V+35
j  org.apache.cassandra.utils.FastByteOperations$UnsafeOperations.copy(Ljava/nio/ByteBuffer;I[BII)V+47
j  org.apache.cassandra.utils.FastByteOperations.copy(Ljava/nio/ByteBuffer;I[BII)V+9
j  org.apache.cassandra.io.util.RebufferingInputStream.read([BII)I+137
j  org.apache.cassandra.io.util.RebufferingInputStream.readFully([BII)V+4
j  org.apache.cassandra.io.util.RebufferingInputStream.readFully([B)V+5
j  org.apache.cassandra.utils.ByteBufferUtil.read(Ljava/io/DataInput;I)Ljava/nio/ByteBuffer;+14
j  org.apache.cassandra.utils.ByteBufferUtil.readWithVIntLength(Lorg/apache/cassandra/io/util/DataInputPlus;)Ljava/nio/ByteBuffer;+24
j  org.apache.cassandra.db.SerializationHeader$Serializer.readColumnsWithType(Lorg/apache/cassandra/io/util/DataInputPlus;Ljava/util/Map;)V+18
j  org.apache.cassandra.db.SerializationHeader$Serializer.deserialize(Lorg/apache/cassandra/io/sstable/format/Version;Lorg/apache/cassandra/io/util/DataInputPlus;)Lorg/apache/cassandra/db/SerializationHeader$Component;+93
j  org.apache.cassandra.db.SerializationHeader$Serializer.deserialize(Lorg/apache/cassandra/io/sstable/format/Version;Lorg/apache/cassandra/io/util/DataInputPlus;)Lorg/apache/cassandra/io/sstable/metadata/MetadataComponent;+3
j  org.apache.cassandra.io.sstable.metadata.MetadataSerializer.deserialize(Lorg/apache/cassandra/io/sstable/Descriptor;Lorg/apache/cassandra/io/util/FileDataInput;Ljava/util/EnumSet;)Ljava/util/Map;+146
j  org.apache.cassandra.io.sstable.metadata.MetadataSerializer.deserialize(Lorg/apache/cassandra/io/sstable/Descriptor;Ljava/util/EnumSet;)Ljava/util/Map;+87
j  org.apache.cassandra.io.sstable.format.SSTableReader.open(Lorg/apache/cassandra/io/sstable/Descriptor;Ljava/util/Set;Lorg/apache/cassandra/config/CFMetaData;ZZ)Lorg/apache/cassandra/io/sstable/format/SSTableReader;+170
j  org.apache.cassandra.io.sstable.format.SSTableReader.open(Lorg/apache/cassandra/io/sstable/Descriptor;Ljava/util/Set;Lorg/apache/cassandra/config/CFMetaData;)Lorg/apache/cassandra/io/sstable/format/SSTableReader;+5
j  org.apache.cassandra.io.sstable.format.SSTableReader$3.run()V+28
j  java.util.concurrent.Executors$RunnableAdapter.call()Ljava/lang/Object;+4
j  java.util.concurrent.FutureTask.run()V+42
j  java.util.concurrent.ThreadPoolExecutor.runWorker(Ljava/util/concurrent/ThreadPoolExecutor$Worker;)V+95
j  java.util.concurrent.ThreadPoolExecutor$Worker.run()V+5
j  org.apache.cassandra.concurrent.NamedThreadFactory.lambda$threadLocalDeallocator$0(Ljava/lang/Runnable;)V+1
j  org.apache.cassandra.concurrent.NamedThreadFactory$$Lambda$5.run()V+4
j  java.lang.Thread.run()V+11
v  ~StubRoutines::call_stub

---------------  P R O C E S S  ---------------

Java Threads: ( => current thread )
  0x000000013dfc1a00 JavaThread "LocalPool-Cleaner" daemon [_thread_blocked, id=86275, stack(0x000070000fa4c000,0x000070000fa8c000)]
  0x000000013dfc1500 JavaThread "Reference-Reaper" daemon [_thread_blocked, id=44291, stack(0x000070000fa09000,0x000070000fa49000)]
  0x0000000135baf200 JavaThread "SSTableBatchOpen:7" daemon [_thread_blocked, id=44035, stack(0x000070000f9c6000,0x000070000fa06000)]
  0x0000000135baed00 JavaThread "SSTableBatchOpen:6" daemon [_thread_in_Java, id=43779, stack(0x000070000f983000,0x000070000f9c3000)]
  0x0000000135bae800 JavaThread "SSTableBatchOpen:5" daemon [_thread_blocked, id=31747, stack(0x000070000f940000,0x000070000f980000)]
  0x0000000135bae300 JavaThread "SSTableBatchOpen:4" daemon [_thread_blocked, id=31491, stack(0x000070000f8fd000,0x000070000f93d000)]
=>0x0000000135bade00 JavaThread "SSTableBatchOpen:3" daemon [_thread_in_vm, id=32259, stack(0x000070000f8ba000,0x000070000f8fa000)]
  0x0000000135bad900 JavaThread "SSTableBatchOpen:2" daemon [_thread_blocked, id=30723, stack(0x000070000f877000,0x000070000f8b7000)]
  0x0000000135bad400 JavaThread "SSTableBatchOpen:1" daemon [_thread_blocked, id=32515, stack(0x000070000f834000,0x000070000f874000)]
  0x0000000135bacf00 JavaThread "OptionalTasks:1" daemon [_thread_blocked, id=33027, stack(0x000070000f7f1000,0x000070000f831000)]
  0x0000000135baca00 JavaThread "Sampler:1" daemon [_thread_blocked, id=33539, stack(0x000070000f7ae000,0x000070000f7ee000)]
  0x0000000135bac000 JavaThread "PERIODIC-COMMIT-LOG-SYNCER" [_thread_blocked, id=29955, stack(0x000070000f76b000,0x000070000f7ab000)]
  0x0000000133bbfb00 JavaThread "COMMIT-LOG-ALLOCATOR" [_thread_blocked, id=33795, stack(0x000070000f728000,0x000070000f768000)]
  0x0000000133bbf600 JavaThread "SlabPoolCleaner" daemon [_thread_blocked, id=34307, stack(0x000070000f6e5000,0x000070000f725000)]
  0x0000000133bbf100 JavaThread "SecondaryIndexManagement:1" daemon [_thread_blocked, id=34563, stack(0x000070000f6a2000,0x000070000f6e2000)]
  0x0000000133bbec00 JavaThread "MemtableReclaimMemory:1" daemon [_thread_blocked, id=35075, stack(0x000070000f65f000,0x000070000f69f000)]
  0x0000000133bbe700 JavaThread "MemtablePostFlush:1" daemon [_thread_blocked, id=29187, stack(0x000070000f61c000,0x000070000f65c000)]
  0x0000000133bbe200 JavaThread "PerDiskMemtableFlushWriter_0:2" daemon [_thread_blocked, id=28675, stack(0x000070000f5d9000,0x000070000f619000)]
  0x0000000133bbdd00 JavaThread "PerDiskMemtableFlushWriter_0:1" daemon [_thread_blocked, id=35843, stack(0x000070000f596000,0x000070000f5d6000)]
  0x0000000133bbd800 JavaThread "MemtableFlushWriter:2" daemon [_thread_blocked, id=36099, stack(0x000070000f553000,0x000070000f593000)]
  0x0000000133bbd300 JavaThread "MemtableFlushWriter:1" daemon [_thread_blocked, id=27907, stack(0x000070000f510000,0x000070000f550000)]
  0x000000013498a000 JavaThread "EXPIRING-MAP-REAPER:1" daemon [_thread_blocked, id=36611, stack(0x000070000f4cd000,0x000070000f50d000)]
  0x0000000133bbba00 JavaThread "RMI TCP Accept-0" daemon [_thread_in_native, id=27651, stack(0x000070000f48a000,0x000070000f4ca000)]
  0x0000000133bbb500 JavaThread "RMI TCP Accept-7199" daemon [_thread_in_native, id=37379, stack(0x000070000f447000,0x000070000f487000)]
  0x0000000133bbb000 JavaThread "ScheduledTasks:1" daemon [_thread_blocked, id=37635, stack(0x000070000f404000,0x000070000f444000)]
  0x00000001306dd100 JavaThread "AsyncAppender-Worker-ASYNCDEBUGLOG" daemon [_thread_blocked, id=38147, stack(0x000070000f3c1000,0x000070000f401000)]
  0x00000001306dc200 JavaThread "Service Thread" daemon [_thread_blocked, id=38915, stack(0x000070000f27b000,0x000070000f2bb000)]
  0x00000001306dbd00 JavaThread "C1 CompilerThread11" daemon [_thread_blocked, id=39427, stack(0x000070000f178000,0x000070000f278000)]
  0x00000001306db800 JavaThread "C1 CompilerThread10" daemon [_thread_blocked, id=26627, stack(0x000070000f075000,0x000070000f175000)]
  0x00000001306db300 JavaThread "C1 CompilerThread9" daemon [_thread_blocked, id=39939, stack(0x000070000ef72000,0x000070000f072000)]
  0x00000001306dae00 JavaThread "C1 CompilerThread8" daemon [_thread_blocked, id=40195, stack(0x000070000ee6f000,0x000070000ef6f000)]
  0x00000001306da900 JavaThread "C2 CompilerThread7" daemon [_thread_blocked, id=26115, stack(0x000070000ed6c000,0x000070000ee6c000)]
  0x00000001306da400 JavaThread "C2 CompilerThread6" daemon [_thread_in_native, id=25603, stack(0x000070000ec69000,0x000070000ed69000)]
  0x00000001306d9f00 JavaThread "C2 CompilerThread5" daemon [_thread_blocked, id=25347, stack(0x000070000eb66000,0x000070000ec66000)]
  0x00000001306d9a00 JavaThread "C2 CompilerThread4" daemon [_thread_blocked, id=24835, stack(0x000070000ea63000,0x000070000eb63000)]
  0x00000001306d9500 JavaThread "C2 CompilerThread3" daemon [_thread_blocked, id=40963, stack(0x000070000e960000,0x000070000ea60000)]
  0x00000001306d9000 JavaThread "C2 CompilerThread2" daemon [_thread_blocked, id=41219, stack(0x000070000e85d000,0x000070000e95d000)]
  0x000000010d502b00 JavaThread "C2 CompilerThread1" daemon [_thread_blocked, id=23811, stack(0x000070000e75a000,0x000070000e85a000)]
  0x000000010d502600 JavaThread "C2 CompilerThread0" daemon [_thread_blocked, id=41731, stack(0x000070000e657000,0x000070000e757000)]
  0x000000010d4ffe00 JavaThread "Signal Dispatcher" daemon [_thread_blocked, id=41987, stack(0x000070000e614000,0x000070000e654000)]
  0x000000010d500800 JavaThread "Surrogate Locker Thread (Concurrent GC)" daemon [_thread_blocked, id=42755, stack(0x000070000e5d1000,0x000070000e611000)]
  0x000000010d4ff400 JavaThread "Finalizer" daemon [_thread_blocked, id=16899, stack(0x000070000e488000,0x000070000e4c8000)]
  0x000000010d4fef00 JavaThread "Reference Handler" daemon [_thread_blocked, id=14595, stack(0x000070000e445000,0x000070000e485000)]
  0x000000010d4fe500 JavaThread "main" [_thread_blocked, id=9219, stack(0x000070000d0c9000,0x000070000d109000)]

Other Threads:
  0x000000010d5e8480 VMThread [stack: 0x000070000e342000,0x000070000e442000] [id=17667]
  0x000000010d5e8c00 WatcherThread [stack: 0x000070000f2be000,0x000070000f3be000] [id=38403]

VM state:not at safepoint (normal execution)

VM Mutex/Monitor currently owned by a thread: None

heap address: 0x00000005c0000000, size: 8192 MB, Compressed Oops mode: Zero based, Oop shift amount: 3
Narrow klass base: 0x0000000000000000, Narrow klass shift: 3
Compressed class space size: 1073741824 Address: 0x00000007c0000000

Heap:
 par new generation   total 1474560K, used 926210K [0x00000005c0000000, 0x0000000624000000, 0x0000000624000000)
  eden space 1310720K,  70% used [0x00000005c0000000, 0x00000005f8880ac8, 0x0000000610000000)
  from space 163840K,   0% used [0x0000000610000000, 0x0000000610000000, 0x000000061a000000)
  to   space 163840K,   0% used [0x000000061a000000, 0x000000061a000000, 0x0000000624000000)
 concurrent mark-sweep generation total 6750208K, used 0K [0x0000000624000000, 0x00000007c0000000, 0x00000007c0000000)
 Metaspace       used 27733K, capacity 28247K, committed 28524K, reserved 1075200K
  class space    used 3282K, capacity 3447K, committed 3476K, reserved 1048576K

Card table byte_map: [0x000000011fbd5000,0x0000000120bd6000] byte_map_base: 0x000000011cdd5000

Marking Bits: (CMSBitMap*) 0x000000010fd66348
 Bits: [0x0000000122350000, 0x0000000128a50000)

Mod Union Table: (CMSBitMap*) 0x000000010fd66408
 Bits: [0x0000000128a51000, 0x0000000128bed000)

Polling page: 0x000000010d57f000

CodeCache: size=245760Kb used=10248Kb max_used=10259Kb free=235511Kb
 bounds [0x0000000110815000, 0x0000000111225000, 0x000000011f815000]
 total_blobs=3101 nmethods=2646 adapters=364
 compilation: enabled

Compilation events (10 events):
Event: 7.031 Thread 0x00000001306dbd00 2635       3       java.lang.Class::checkPackageAccess (94 bytes)
Event: 7.032 Thread 0x00000001306db300 nmethod 2634 0x0000000111211090 code [0x0000000111211240, 0x0000000111211688]
Event: 7.032 Thread 0x00000001306dbd00 nmethod 2635 0x0000000111213f50 code [0x0000000111214280, 0x0000000111215c38]
Event: 7.032 Thread 0x000000010d502600 nmethod 2631 0x0000000111216910 code [0x0000000111216a80, 0x0000000111216e28]
Event: 7.034 Thread 0x00000001306d9a00 nmethod 2619 0x000000011120c090 code [0x000000011120c2a0, 0x000000011120cca0]
Event: 7.035 Thread 0x00000001306db800 2636       3       org.apache.cassandra.db.marshal.TypeParser::isEOS (14 bytes)
Event: 7.035 Thread 0x00000001306dae00 2637       3       org.apache.cassandra.db.marshal.TypeParser::isIdentifierChar (72 bytes)
Event: 7.036 Thread 0x000000010d502b00 2640       4       java.lang.reflect.Field::getFieldAccessor (35 bytes)
Event: 7.036 Thread 0x00000001306db300 2639       3       java.lang.Class::checkMemberAccess (49 bytes)
Event: 7.036 Thread 0x00000001306dbd00 2641       3       org.apache.cassandra.db.marshal.TypeParser::isEOS (12 bytes)

GC Heap History (0 events):
No events

Deoptimization events (10 events):
Event: 7.016 Thread 0x0000000135bae300 Uncommon trap: reason=class_check action=maybe_recompile pc=0x0000000111122190 method=java.util.Collections$SetFromMap.add(Ljava/lang/Object;)Z @ 8
Event: 7.017 Thread 0x0000000135bad400 Uncommon trap: reason=class_check action=maybe_recompile pc=0x0000000111122190 method=java.util.Collections$SetFromMap.add(Ljava/lang/Object;)Z @ 8
Event: 7.017 Thread 0x0000000135bae800 Uncommon trap: reason=class_check action=maybe_recompile pc=0x0000000111122190 method=java.util.Collections$SetFromMap.add(Ljava/lang/Object;)Z @ 8
Event: 7.025 Thread 0x0000000135bae300 Uncommon trap: reason=class_check action=maybe_recompile pc=0x0000000111117d90 method=java.lang.reflect.Field.get(Ljava/lang/Object;)Ljava/lang/Object; @ 45
Event: 7.035 Thread 0x0000000135baf200 Uncommon trap: reason=unstable_if action=reinterpret pc=0x0000000111117da8 method=java.lang.reflect.Field.get(Ljava/lang/Object;)Ljava/lang/Object; @ 4
Event: 7.035 Thread 0x0000000135bad900 Uncommon trap: reason=unstable_if action=reinterpret pc=0x0000000111117da8 method=java.lang.reflect.Field.get(Ljava/lang/Object;)Ljava/lang/Object; @ 4
Event: 7.035 Thread 0x0000000135bae300 Uncommon trap: reason=unstable_if action=reinterpret pc=0x0000000111117da8 method=java.lang.reflect.Field.get(Ljava/lang/Object;)Ljava/lang/Object; @ 4
Event: 7.035 Thread 0x0000000135bade00 Uncommon trap: reason=unstable_if action=reinterpret pc=0x0000000111117da8 method=java.lang.reflect.Field.get(Ljava/lang/Object;)Ljava/lang/Object; @ 4
Event: 7.035 Thread 0x0000000135bad400 Uncommon trap: reason=unstable_if action=reinterpret pc=0x0000000111117da8 method=java.lang.reflect.Field.get(Ljava/lang/Object;)Ljava/lang/Object; @ 4
Event: 7.036 Thread 0x0000000135baed00 Uncommon trap: reason=class_check action=maybe_recompile pc=0x000000011117c084 method=org.apache.cassandra.utils.Pair.hashCode()I @ 17

Classes redefined (0 events):
No events

Internal exceptions (10 events):
Event: 5.164 Thread 0x000000010d4fe500 Exception <a 'java/lang/ClassNotFoundException': org/apache/cassandra/config/TransparentDataEncryptionOptionsCustomizer> (0x00000005cc3368b0) thrown at [/private/tmp/openjdk-8-20210120-57467-k4d014/jdk8u282-ga/hotspot/src/share/vm/classfile/systemDictiona
Event: 5.164 Thread 0x000000010d4fe500 Exception <a 'java/lang/ClassNotFoundException': org/apache/cassandra/config/ReplicaFilteringProtectionOptionsBeanInfo> (0x00000005cc350d00) thrown at [/private/tmp/openjdk-8-20210120-57467-k4d014/jdk8u282-ga/hotspot/src/share/vm/classfile/systemDictionar
Event: 5.164 Thread 0x000000010d4fe500 Exception <a 'java/lang/ClassNotFoundException': org/apache/cassandra/config/ReplicaFilteringProtectionOptionsCustomizer> (0x00000005cc364f68) thrown at [/private/tmp/openjdk-8-20210120-57467-k4d014/jdk8u282-ga/hotspot/src/share/vm/classfile/systemDiction
Event: 5.174 Thread 0x000000010d4fe500 Exception <a 'sun/nio/fs/UnixException'> (0x00000005cc416968) thrown at [/private/tmp/openjdk-8-20210120-57467-k4d014/jdk8u282-ga/hotspot/src/share/vm/prims/jni.cpp, line 711]
Event: 5.600 Thread 0x000000010d4fe500 Exception <a 'java/lang/ClassNotFoundException': javax/management/remote/rmi/RMIServerImpl_Skel> (0x00000005cdc5ffd0) thrown at [/private/tmp/openjdk-8-20210120-57467-k4d014/jdk8u282-ga/hotspot/src/share/vm/classfile/systemDictionary.cpp, line 217]
Event: 5.793 Thread 0x000000010d4fe500 Exception <a 'com/sun/jna/LastErrorException': [78] Function not implemented> (0x00000005cdf5ae20) thrown at [/private/tmp/openjdk-8-20210120-57467-k4d014/jdk8u282-ga/hotspot/src/share/vm/prims/jni.cpp, line 738]
Event: 5.807 Thread 0x000000010d4fe500 Exception <a 'java/lang/UnsatisfiedLinkError': org.hyperic.sigar.Sigar.open()V> (0x00000005ce04ebb8) thrown at [/private/tmp/openjdk-8-20210120-57467-k4d014/jdk8u282-ga/hotspot/src/share/vm/prims/nativeLookup.cpp, line 506]
Event: 5.809 Thread 0x000000010d4fe500 Exception <a 'java/lang/UnsatisfiedLinkError': org.hyperic.sigar.Sigar.getFileSystemListNative()[Lorg/hyperic/sigar/FileSystem;> (0x00000005ce056c30) thrown at [/private/tmp/openjdk-8-20210120-57467-k4d014/jdk8u282-ga/hotspot/src/share/vm/prims/nativeLook
Event: 6.121 Thread 0x000000010d4fe500 Exception <a 'java/lang/NoSuchMethodError': java.lang.Object.lambda$static$0(Ljava/lang/Object;Ljava/lang/Object;)Ljava/lang/Object;> (0x00000005d3fc6b00) thrown at [/private/tmp/openjdk-8-20210120-57467-k4d014/jdk8u282-ga/hotspot/src/share/vm/interpreter
Event: 6.260 Thread 0x000000010d4fe500 Exception <a 'java/lang/NoSuchMethodError': java.lang.Object.lambda$isEqual$3(Ljava/lang/Object;Ljava/lang/Object;)Z> (0x00000005d489e8b8) thrown at [/private/tmp/openjdk-8-20210120-57467-k4d014/jdk8u282-ga/hotspot/src/share/vm/interpreter/linkResolver.cp

Events (10 events):
Event: 7.035 Thread 0x0000000135bade00 Uncommon trap: trap_request=0xffffff65 fr.pc=0x0000000111117da8
Event: 7.035 Thread 0x0000000135bade00 DEOPT PACKING pc=0x0000000111117da8 sp=0x000070000f8f9260
Event: 7.035 Thread 0x0000000135bad400 Uncommon trap: trap_request=0xffffff65 fr.pc=0x0000000111117da8
Event: 7.035 Thread 0x0000000135bad400 DEOPT PACKING pc=0x0000000111117da8 sp=0x000070000f873260
Event: 7.035 Thread 0x0000000135bad400 DEOPT UNPACKING pc=0x000000011085a47a sp=0x000070000f873240 mode 2
Event: 7.035 Thread 0x0000000135bade00 DEOPT UNPACKING pc=0x000000011085a47a sp=0x000070000f8f9240 mode 2
Event: 7.035 loading class com/google/common/base/VerifyException
Event: 7.035 loading class com/google/common/base/VerifyException done
Event: 7.036 Thread 0x0000000135baed00 Uncommon trap: trap_request=0xffffffde fr.pc=0x000000011117c084
Event: 7.036 Thread 0x0000000135baed00 DEOPT PACKING pc=0x000000011117c084 sp=0x000070000f9c1a00


Dynamic libraries:
0x000000010cb26000 	/usr/local/Cellar/jemalloc/5.2.1_1/lib/libjemalloc.2.dylib
0x00007fff37b8b000 	/System/Library/Frameworks/Cocoa.framework/Versions/A/Cocoa
0x00007fff45395000 	/System/Library/Frameworks/Security.framework/Versions/A/Security
0x00007fff36af1000 	/System/Library/Frameworks/ApplicationServices.framework/Versions/A/ApplicationServices
0x00007fff71ed9000 	/usr/lib/libz.1.dylib
0x00007fff6f99d000 	/usr/lib/libSystem.B.dylib
0x00007fff38a2d000 	/System/Library/Frameworks/CoreFoundation.framework/Versions/A/CoreFoundation
0x00007fff3b0eb000 	/System/Library/Frameworks/Foundation.framework/Versions/C/Foundation
0x00007fff717fd000 	/usr/lib/libobjc.A.dylib
0x00007fff35ce1000 	/System/Library/Frameworks/AppKit.framework/Versions/C/AppKit
0x00007fff3850f000 	/System/Library/Frameworks/CoreData.framework/Versions/A/CoreData
0x00007fff69998000 	/System/Library/PrivateFrameworks/UIFoundation.framework/Versions/A/UIFoundation
0x00007fff64a2c000 	/System/Library/PrivateFrameworks/RemoteViewServices.framework/Versions/A/RemoteViewServices
0x00007fff6c50d000 	/System/Library/PrivateFrameworks/XCTTargetBootstrap.framework/Versions/A/XCTTargetBootstrap
0x00007fff388fa000 	/System/Library/Frameworks/CoreDisplay.framework/Versions/A/CoreDisplay
0x00007fff3dfa5000 	/System/Library/Frameworks/Metal.framework/Versions/A/Metal
0x00007fff52a2a000 	/System/Library/PrivateFrameworks/DesktopServicesPriv.framework/Versions/A/DesktopServicesPriv
0x00007fff70ad8000 	/usr/lib/liblangid.dylib
0x00007fff51cbf000 	/System/Library/PrivateFrameworks/CoreSVG.framework/Versions/A/CoreSVG
0x00007fff67b88000 	/System/Library/PrivateFrameworks/SkyLight.framework/Versions/A/SkyLight
0x00007fff38eaf000 	/System/Library/Frameworks/CoreGraphics.framework/Versions/A/CoreGraphics
0x00007fff346b5000 	/System/Library/Frameworks/Accelerate.framework/Versions/A/Accelerate
0x00007fff71dca000 	/usr/lib/libxml2.2.dylib
0x00007fff5d9b6000 	/System/Library/PrivateFrameworks/IconServices.framework/Versions/A/IconServices
0x00007fff3b8ca000 	/System/Library/Frameworks/IOSurface.framework/Versions/A/IOSurface
0x00007fff6f4c7000 	/usr/lib/libDiagnosticMessagesClient.dylib
0x00007fff52884000 	/System/Library/PrivateFrameworks/DFRFoundation.framework/Versions/A/DFRFoundation
0x00007fff70867000 	/usr/lib/libicucore.A.dylib
0x00007fff36e23000 	/System/Library/Frameworks/AudioToolbox.framework/Versions/A/AudioToolbox
0x00007fff36f06000 	/System/Library/Frameworks/AudioUnit.framework/Versions/A/AudioUnit
0x00007fff6fb9f000 	/usr/lib/libauto.dylib
0x00007fff52926000 	/System/Library/PrivateFrameworks/DataDetectorsCore.framework/Versions/A/DataDetectorsCore
0x00007fff376ac000 	/System/Library/Frameworks/Carbon.framework/Versions/A/Frameworks/HIToolbox.framework/Versions/A/HIToolbox
0x00007fff4458f000 	/System/Library/Frameworks/QuartzCore.framework/Versions/A/QuartzCore
0x00007fff379eb000 	/System/Library/Frameworks/Carbon.framework/Versions/A/Frameworks/SpeechRecognition.framework/Versions/A/SpeechRecognition
0x00007fff52398000 	/System/Library/PrivateFrameworks/CoreUI.framework/Versions/A/CoreUI
0x00007fff37f7a000 	/System/Library/Frameworks/CoreAudio.framework/Versions/A/CoreAudio
0x00007fff3adaa000 	/System/Library/Frameworks/DiskArbitration.framework/Versions/A/DiskArbitration
0x00007fff5fa06000 	/System/Library/PrivateFrameworks/MultitouchSupport.framework/Versions/A/MultitouchSupport
0x00007fff7072e000 	/usr/lib/libenergytrace.dylib
0x00007fff3b824000 	/System/Library/Frameworks/IOKit.framework/Versions/A/IOKit
0x00007fff39e16000 	/System/Library/Frameworks/CoreServices.framework/Versions/A/CoreServices
0x00007fff61bbf000 	/System/Library/PrivateFrameworks/PerformanceAnalysis.framework/Versions/A/PerformanceAnalysis
0x00007fff435c2000 	/System/Library/Frameworks/OpenGL.framework/Versions/A/OpenGL
0x00007fff37b99000 	/System/Library/Frameworks/ColorSync.framework/Versions/A/ColorSync
0x00007fff39532000 	/System/Library/Frameworks/CoreImage.framework/Versions/A/CoreImage
0x00007fff3a889000 	/System/Library/Frameworks/CoreText.framework/Versions/A/CoreText
0x00007fff3b95a000 	/System/Library/Frameworks/ImageIO.framework/Versions/A/ImageIO
0x00007fff6fc83000 	/usr/lib/libc++.1.dylib
0x00007fff6fcff000 	/usr/lib/libcompression.dylib
0x00007fff6f80b000 	/usr/lib/libMobileGestalt.dylib
0x00007fff69702000 	/System/Library/PrivateFrameworks/TextureIO.framework/Versions/A/TextureIO
0x00007fff6fb02000 	/usr/lib/libate.dylib
0x00007fff5dbbf000 	/System/Library/PrivateFrameworks/InternationalSupport.framework/Versions/A/InternationalSupport
0x00007fff7279a000 	/usr/lib/system/libcache.dylib
0x00007fff727a0000 	/usr/lib/system/libcommonCrypto.dylib
0x00007fff727ac000 	/usr/lib/system/libcompiler_rt.dylib
0x00007fff727b4000 	/usr/lib/system/libcopyfile.dylib
0x00007fff727be000 	/usr/lib/system/libcorecrypto.dylib
0x00007fff7295d000 	/usr/lib/system/libdispatch.dylib
0x00007fff7299e000 	/usr/lib/system/libdyld.dylib
0x00007fff729d5000 	/usr/lib/system/libkeymgr.dylib
0x00007fff729e3000 	/usr/lib/system/liblaunch.dylib
0x00007fff729e4000 	/usr/lib/system/libmacho.dylib
0x00007fff729ea000 	/usr/lib/system/libquarantine.dylib
0x00007fff729ed000 	/usr/lib/system/libremovefile.dylib
0x00007fff729ef000 	/usr/lib/system/libsystem_asl.dylib
0x00007fff72a07000 	/usr/lib/system/libsystem_blocks.dylib
0x00007fff72a08000 	/usr/lib/system/libsystem_c.dylib
0x00007fff72a90000 	/usr/lib/system/libsystem_configuration.dylib
0x00007fff72a94000 	/usr/lib/system/libsystem_coreservices.dylib
0x00007fff72a98000 	/usr/lib/system/libsystem_darwin.dylib
0x00007fff72aa1000 	/usr/lib/system/libsystem_dnssd.dylib
0x00007fff72aa9000 	/usr/lib/system/libsystem_featureflags.dylib
0x00007fff72aab000 	/usr/lib/system/libsystem_info.dylib
0x00007fff72b26000 	/usr/lib/system/libsystem_m.dylib
0x00007fff72b6e000 	/usr/lib/system/libsystem_malloc.dylib
0x00007fff72b96000 	/usr/lib/system/libsystem_networkextension.dylib
0x00007fff72ba4000 	/usr/lib/system/libsystem_notify.dylib
0x00007fff72bc2000 	/usr/lib/system/libsystem_sandbox.dylib
0x00007fff72bc7000 	/usr/lib/system/libsystem_secinit.dylib
0x00007fff72af9000 	/usr/lib/system/libsystem_kernel.dylib
0x00007fff72bae000 	/usr/lib/system/libsystem_platform.dylib
0x00007fff72bb7000 	/usr/lib/system/libsystem_pthread.dylib
0x00007fff72bca000 	/usr/lib/system/libsystem_symptoms.dylib
0x00007fff72bd2000 	/usr/lib/system/libsystem_trace.dylib
0x00007fff72bea000 	/usr/lib/system/libunwind.dylib
0x00007fff72bf0000 	/usr/lib/system/libxpc.dylib
0x00007fff6fcd6000 	/usr/lib/libc++abi.dylib
0x00007fff70ada000 	/usr/lib/liblzma.5.dylib
0x00007fff70755000 	/usr/lib/libfakelink.dylib
0x00007fff6fa8f000 	/usr/lib/libarchive.2.dylib
0x00007fff46446000 	/System/Library/Frameworks/SystemConfiguration.framework/Versions/A/SystemConfiguration
0x00007fff6f3fa000 	/usr/lib/libCRFSuite.dylib
0x00007fff3729d000 	/System/Library/Frameworks/CFNetwork.framework/Versions/A/CFNetwork
0x00007fff6fc65000 	/usr/lib/libbsm.0.dylib
0x00007fff729d6000 	/usr/lib/system/libkxld.dylib
0x00007fff4c200000 	/System/Library/PrivateFrameworks/AppleFSCompression.framework/Versions/A/AppleFSCompression
0x00007fff6fff0000 	/usr/lib/libcoretls.dylib
0x00007fff70007000 	/usr/lib/libcoretls_cfhelpers.dylib
0x00007fff71843000 	/usr/lib/libpam.2.dylib
0x00007fff71978000 	/usr/lib/libsqlite3.dylib
0x00007fff71db7000 	/usr/lib/libxar.1.dylib
0x00007fff6fc76000 	/usr/lib/libbz2.1.0.dylib
0x00007fff70776000 	/usr/lib/libiconv.2.dylib
0x00007fff6fcec000 	/usr/lib/libcharset.1.dylib
0x00007fff712e0000 	/usr/lib/libnetwork.dylib
0x00007fff7184a000 	/usr/lib/libpcap.A.dylib
0x00007fff6fa44000 	/usr/lib/libapple_nghttp2.dylib
0x00007fff3a1cd000 	/System/Library/Frameworks/CoreServices.framework/Versions/A/Frameworks/FSEvents.framework/Versions/A/FSEvents
0x00007fff39e9d000 	/System/Library/Frameworks/CoreServices.framework/Versions/A/Frameworks/CarbonCore.framework/Versions/A/CarbonCore
0x00007fff3a411000 	/System/Library/Frameworks/CoreServices.framework/Versions/A/Frameworks/Metadata.framework/Versions/A/Metadata
0x00007fff3a4aa000 	/System/Library/Frameworks/CoreServices.framework/Versions/A/Frameworks/OSServices.framework/Versions/A/OSServices
0x00007fff3a4d8000 	/System/Library/Frameworks/CoreServices.framework/Versions/A/Frameworks/SearchKit.framework/Versions/A/SearchKit
0x00007fff39e17000 	/System/Library/Frameworks/CoreServices.framework/Versions/A/Frameworks/AE.framework/Versions/A/AE
0x00007fff3a1d6000 	/System/Library/Frameworks/CoreServices.framework/Versions/A/Frameworks/LaunchServices.framework/Versions/A/LaunchServices
0x00007fff3a17f000 	/System/Library/Frameworks/CoreServices.framework/Versions/A/Frameworks/DictionaryServices.framework/Versions/A/DictionaryServices
0x00007fff3a540000 	/System/Library/Frameworks/CoreServices.framework/Versions/A/Frameworks/SharedFileList.framework/Versions/A/SharedFileList
0x00007fff3f3e1000 	/System/Library/Frameworks/NetFS.framework/Versions/A/NetFS
0x00007fff5ff36000 	/System/Library/PrivateFrameworks/NetAuth.framework/Versions/A/NetAuth
0x00007fff6c8da000 	/System/Library/PrivateFrameworks/login.framework/Versions/A/Frameworks/loginsupport.framework/Versions/A/loginsupport
0x00007fff691cd000 	/System/Library/PrivateFrameworks/TCC.framework/Versions/A/TCC
0x00007fff50e32000 	/System/Library/PrivateFrameworks/CoreNLP.framework/Versions/A/CoreNLP
0x00007fff5f433000 	/System/Library/PrivateFrameworks/MetadataUtilities.framework/Versions/A/MetadataUtilities
0x00007fff70bb2000 	/usr/lib/libmecabra.dylib
0x00007fff70b0a000 	/usr/lib/libmecab.dylib
0x00007fff70766000 	/usr/lib/libgermantok.dylib
0x00007fff6fa2b000 	/usr/lib/libThaiTokenizer.dylib
0x00007fff6f431000 	/usr/lib/libChineseTokenizer.dylib
0x00007fff346cd000 	/System/Library/Frameworks/Accelerate.framework/Versions/A/Frameworks/vImage.framework/Versions/A/vImage
0x00007fff35b37000 	/System/Library/Frameworks/Accelerate.framework/Versions/A/Frameworks/vecLib.framework/Versions/A/vecLib
0x00007fff35a74000 	/System/Library/Frameworks/Accelerate.framework/Versions/A/Frameworks/vecLib.framework/Versions/A/libvMisc.dylib
0x00007fff3589c000 	/System/Library/Frameworks/Accelerate.framework/Versions/A/Frameworks/vecLib.framework/Versions/A/libvDSP.dylib
0x00007fff34d24000 	/System/Library/Frameworks/Accelerate.framework/Versions/A/Frameworks/vecLib.framework/Versions/A/libBLAS.dylib
0x00007fff35460000 	/System/Library/Frameworks/Accelerate.framework/Versions/A/Frameworks/vecLib.framework/Versions/A/libLAPACK.dylib
0x00007fff357fc000 	/System/Library/Frameworks/Accelerate.framework/Versions/A/Frameworks/vecLib.framework/Versions/A/libLinearAlgebra.dylib
0x00007fff35889000 	/System/Library/Frameworks/Accelerate.framework/Versions/A/Frameworks/vecLib.framework/Versions/A/libSparseBLAS.dylib
0x00007fff35812000 	/System/Library/Frameworks/Accelerate.framework/Versions/A/Frameworks/vecLib.framework/Versions/A/libQuadrature.dylib
0x00007fff34f8c000 	/System/Library/Frameworks/Accelerate.framework/Versions/A/Frameworks/vecLib.framework/Versions/A/libBNNS.dylib
0x00007fff35818000 	/System/Library/Frameworks/Accelerate.framework/Versions/A/Frameworks/vecLib.framework/Versions/A/libSparse.dylib
0x00007fff5dfa7000 	/System/Library/PrivateFrameworks/LanguageModeling.framework/Versions/A/LanguageModeling
0x00007fff507e2000 	/System/Library/PrivateFrameworks/CoreEmoji.framework/Versions/A/CoreEmoji
0x00007fff5e0c5000 	/System/Library/PrivateFrameworks/LinguisticData.framework/Versions/A/LinguisticData
0x00007fff5e076000 	/System/Library/PrivateFrameworks/Lexicon.framework/Versions/A/Lexicon
0x00007fff6fced000 	/usr/lib/libcmph.dylib
0x00007fff41fd0000 	/System/Library/Frameworks/OpenDirectory.framework/Versions/A/Frameworks/CFOpenDirectory.framework/Versions/A/CFOpenDirectory
0x00007fff41fed000 	/System/Library/Frameworks/OpenDirectory.framework/Versions/A/OpenDirectory
0x00007fff4a430000 	/System/Library/PrivateFrameworks/APFS.framework/Versions/A/APFS
0x00007fff456df000 	/System/Library/Frameworks/SecurityFoundation.framework/Versions/A/SecurityFoundation
0x00007fff71db3000 	/usr/lib/libutil.dylib
0x00007fff51d17000 	/System/Library/PrivateFrameworks/CoreServicesStore.framework/Versions/A/CoreServicesStore
0x00007fff45796000 	/System/Library/Frameworks/ServiceManagement.framework/Versions/A/ServiceManagement
0x00007fff4d9d0000 	/System/Library/PrivateFrameworks/BackgroundTaskManagement.framework/Versions/A/BackgroundTaskManagement
0x00007fff71eb0000 	/usr/lib/libxslt.1.dylib
0x00007fff4c873000 	/System/Library/PrivateFrameworks/AppleSystemInfo.framework/Versions/A/AppleSystemInfo
0x00007fff3bb76000 	/System/Library/Frameworks/ImageIO.framework/Versions/A/Resources/libJPEG.dylib
0x00007fff3be33000 	/System/Library/Frameworks/ImageIO.framework/Versions/A/Resources/libTIFF.dylib
0x00007fff3be16000 	/System/Library/Frameworks/ImageIO.framework/Versions/A/Resources/libPng.dylib
0x00007fff3bab8000 	/System/Library/Frameworks/ImageIO.framework/Versions/A/Resources/libGIF.dylib
0x00007fff3babc000 	/System/Library/Frameworks/ImageIO.framework/Versions/A/Resources/libJP2.dylib
0x00007fff3be31000 	/System/Library/Frameworks/ImageIO.framework/Versions/A/Resources/libRadiance.dylib
0x00007fff7072f000 	/usr/lib/libexpat.1.dylib
0x00007fff4c35b000 	/System/Library/PrivateFrameworks/AppleJPEG.framework/Versions/A/AppleJPEG
0x00007fff55017000 	/System/Library/PrivateFrameworks/FontServices.framework/libFontParser.dylib
0x00007fff6b8dc000 	/System/Library/PrivateFrameworks/WatchdogClient.framework/Versions/A/WatchdogClient
0x00007fff5d602000 	/System/Library/PrivateFrameworks/IOAccelerator.framework/Versions/A/IOAccelerator
0x00007fff3e340000 	/System/Library/Frameworks/MetalPerformanceShaders.framework/Versions/A/MetalPerformanceShaders
0x00007fff59d92000 	/System/Library/PrivateFrameworks/GPUWrangler.framework/Versions/A/GPUWrangler
0x00007fff5d617000 	/System/Library/PrivateFrameworks/IOPresentment.framework/Versions/A/IOPresentment
0x00007fff52897000 	/System/Library/PrivateFrameworks/DSExternalDisplay.framework/Versions/A/DSExternalDisplay
0x00007fff42961000 	/System/Library/Frameworks/OpenGL.framework/Versions/A/Libraries/libCoreFSCache.dylib
0x00007fff3e08c000 	/System/Library/Frameworks/MetalPerformanceShaders.framework/Frameworks/MPSCore.framework/Versions/A/MPSCore
0x00007fff3e0ca000 	/System/Library/Frameworks/MetalPerformanceShaders.framework/Frameworks/MPSImage.framework/Versions/A/MPSImage
0x00007fff3e191000 	/System/Library/Frameworks/MetalPerformanceShaders.framework/Frameworks/MPSNeuralNetwork.framework/Versions/A/MPSNeuralNetwork
0x00007fff3e155000 	/System/Library/Frameworks/MetalPerformanceShaders.framework/Frameworks/MPSMatrix.framework/Versions/A/MPSMatrix
0x00007fff3e2f0000 	/System/Library/Frameworks/MetalPerformanceShaders.framework/Frameworks/MPSRayIntersector.framework/Versions/A/MPSRayIntersector
0x00007fff3e17b000 	/System/Library/Frameworks/MetalPerformanceShaders.framework/Frameworks/MPSNDArray.framework/Versions/A/MPSNDArray
0x00007fff5f480000 	/System/Library/PrivateFrameworks/MetalTools.framework/Versions/A/MetalTools
0x00007fff4b60a000 	/System/Library/PrivateFrameworks/AggregateDictionary.framework/Versions/A/AggregateDictionary
0x00007fff5022a000 	/System/Library/PrivateFrameworks/CoreAnalytics.framework/Versions/A/CoreAnalytics
0x00007fff4c792000 	/System/Library/PrivateFrameworks/AppleSauce.framework/Versions/A/AppleSauce
0x00007fff6f6ed000 	/usr/lib/libIOReport.dylib
0x00007fff3aa41000 	/System/Library/Frameworks/CoreVideo.framework/Versions/A/CoreVideo
0x00007fff5b20b000 	/System/Library/PrivateFrameworks/GraphVisualizer.framework/Versions/A/GraphVisualizer
0x00007fff5455d000 	/System/Library/PrivateFrameworks/FaceCore.framework/Versions/A/FaceCore
0x00007fff41f77000 	/System/Library/Frameworks/OpenCL.framework/Versions/A/OpenCL
0x00007fff6f50f000 	/usr/lib/libFosl_dynamic.dylib
0x00007fff60957000 	/System/Library/PrivateFrameworks/OTSVG.framework/Versions/A/OTSVG
0x00007fff36bf6000 	/System/Library/Frameworks/ApplicationServices.framework/Versions/A/Frameworks/ATS.framework/Versions/A/Resources/libFontRegistry.dylib
0x00007fff551e6000 	/System/Library/PrivateFrameworks/FontServices.framework/libhvf.dylib
0x00007fff4296c000 	/System/Library/Frameworks/OpenGL.framework/Versions/A/Libraries/libGFXShared.dylib
0x00007fff42b4a000 	/System/Library/Frameworks/OpenGL.framework/Versions/A/Libraries/libGLU.dylib
0x00007fff42975000 	/System/Library/Frameworks/OpenGL.framework/Versions/A/Libraries/libGL.dylib
0x00007fff42980000 	/System/Library/Frameworks/OpenGL.framework/Versions/A/Libraries/libGLImage.dylib
0x00007fff4295e000 	/System/Library/Frameworks/OpenGL.framework/Versions/A/Libraries/libCVMSPluginSupport.dylib
0x00007fff42967000 	/System/Library/Frameworks/OpenGL.framework/Versions/A/Libraries/libCoreVMClient.dylib
0x00007fff71181000 	/usr/lib/libncurses.5.4.dylib
0x00007fff36af2000 	/System/Library/Frameworks/ApplicationServices.framework/Versions/A/Frameworks/ATS.framework/Versions/A/ATS
0x00007fff36cbf000 	/System/Library/Frameworks/ApplicationServices.framework/Versions/A/Frameworks/ColorSyncLegacy.framework/Versions/A/ColorSyncLegacy
0x00007fff36d5d000 	/System/Library/Frameworks/ApplicationServices.framework/Versions/A/Frameworks/HIServices.framework/Versions/A/HIServices
0x00007fff36db5000 	/System/Library/Frameworks/ApplicationServices.framework/Versions/A/Frameworks/LangAnalysis.framework/Versions/A/LangAnalysis
0x00007fff36dc4000 	/System/Library/Frameworks/ApplicationServices.framework/Versions/A/Frameworks/PrintCore.framework/Versions/A/PrintCore
0x00007fff36e0a000 	/System/Library/Frameworks/ApplicationServices.framework/Versions/A/Frameworks/QD.framework/Versions/A/QD
0x00007fff36e15000 	/System/Library/Frameworks/ApplicationServices.framework/Versions/A/Frameworks/SpeechSynthesis.framework/Versions/A/SpeechSynthesis
0x00007fff36c8f000 	/System/Library/Frameworks/ApplicationServices.framework/Versions/A/Frameworks/ATSUI.framework/Versions/A/ATSUI
0x00007fff705c5000 	/usr/lib/libcups.2.dylib
0x00007fff3d3db000 	/System/Library/Frameworks/Kerberos.framework/Versions/A/Kerberos
0x00007fff3b51d000 	/System/Library/Frameworks/GSS.framework/Versions/A/GSS
0x00007fff71904000 	/usr/lib/libresolv.9.dylib
0x00007fff5b3b8000 	/System/Library/PrivateFrameworks/Heimdal.framework/Versions/A/Heimdal
0x00007fff3d3ee000 	/System/Library/Frameworks/Kerberos.framework/Versions/A/Libraries/libHeimdalProxy.dylib
0x00007fff7076c000 	/usr/lib/libheimdal-asn1.dylib
0x00007fff4f6c2000 	/System/Library/PrivateFrameworks/CommonAuth.framework/Versions/A/CommonAuth
0x00007fff4c910000 	/System/Library/PrivateFrameworks/AssertionServices.framework/Versions/A/AssertionServices
0x00007fff4d4b3000 	/System/Library/PrivateFrameworks/AudioToolboxCore.framework/Versions/A/AudioToolboxCore
0x00007fff6c58a000 	/System/Library/PrivateFrameworks/caulk.framework/Versions/A/caulk
0x00007fff4da7c000 	/System/Library/PrivateFrameworks/BaseBoard.framework/Versions/A/BaseBoard
0x00007fff64bba000 	/System/Library/PrivateFrameworks/RunningBoardServices.framework/Versions/A/RunningBoardServices
0x00007fff61bcb000 	/System/Library/PrivateFrameworks/PersistentConnection.framework/Versions/A/PersistentConnection
0x00007fff645b3000 	/System/Library/PrivateFrameworks/ProtocolBuffer.framework/Versions/A/ProtocolBuffer
0x00007fff4f6e6000 	/System/Library/PrivateFrameworks/CommonUtilities.framework/Versions/A/CommonUtilities
0x00007fff4dc0a000 	/System/Library/PrivateFrameworks/Bom.framework/Versions/A/Bom
0x00007fff6f3c0000 	/usr/lib/libAudioToolboxUtility.dylib
0x00007fff4d9da000 	/System/Library/PrivateFrameworks/Backup.framework/Versions/A/Backup
0x00007fff527b8000 	/System/Library/PrivateFrameworks/CrashReporterSupport.framework/Versions/A/CrashReporterSupport
0x00007fff6664c000 	/System/Library/PrivateFrameworks/Sharing.framework/Versions/A/Sharing
0x00007fff4bf1e000 	/System/Library/PrivateFrameworks/Apple80211.framework/Versions/A/Apple80211
0x00007fff4d6f7000 	/System/Library/PrivateFrameworks/AuthKit.framework/Versions/A/AuthKit
0x00007fff524c5000 	/System/Library/PrivateFrameworks/CoreUtils.framework/Versions/A/CoreUtils
0x00007fff3aa86000 	/System/Library/Frameworks/CoreWLAN.framework/Versions/A/CoreWLAN
0x00007fff3b6aa000 	/System/Library/Frameworks/IOBluetooth.framework/Versions/A/IOBluetooth
0x00007fff5f785000 	/System/Library/PrivateFrameworks/MobileKeyBag.framework/Versions/A/MobileKeyBag
0x00007fff512ca000 	/System/Library/PrivateFrameworks/CorePhoneNumbers.framework/Versions/A/CorePhoneNumbers
0x00007fff4c30e000 	/System/Library/PrivateFrameworks/AppleIDAuthSupport.framework/Versions/A/AppleIDAuthSupport
0x00007fff3f3ee000 	/System/Library/Frameworks/Network.framework/Versions/A/Network
0x00007fff5de53000 	/System/Library/PrivateFrameworks/KeychainCircle.framework/Versions/A/KeychainCircle
0x00007fff384d6000 	/System/Library/Frameworks/CoreBluetooth.framework/Versions/A/CoreBluetooth
0x00007fff686cb000 	/System/Library/PrivateFrameworks/SpeechRecognitionCore.framework/Versions/A/SpeechRecognitionCore
0x000000010fe75000 	/usr/local/Cellar/openjdk@8/1.8.0+282/libexec/openjdk.jdk/Contents/Home/jre/lib/server/libjvm.dylib
0x000000010d512000 	/usr/local/Cellar/openjdk@8/1.8.0+282/libexec/openjdk.jdk/Contents/Home/jre/lib/libverify.dylib
0x000000010d526000 	/usr/local/Cellar/openjdk@8/1.8.0+282/libexec/openjdk.jdk/Contents/Home/jre/lib/libjava.dylib
0x000000010d5a6000 	/usr/local/Cellar/openjdk@8/1.8.0+282/libexec/openjdk.jdk/Contents/Home/jre/lib/libinstrument.dylib
0x000000010d5d2000 	/usr/local/Cellar/openjdk@8/1.8.0+282/libexec/openjdk.jdk/Contents/Home/jre/lib/libzip.dylib
0x0000000130601000 	/usr/local/Cellar/openjdk@8/1.8.0+282/libexec/openjdk.jdk/Contents/Home/jre/lib/libnio.dylib
0x0000000130619000 	/usr/local/Cellar/openjdk@8/1.8.0+282/libexec/openjdk.jdk/Contents/Home/jre/lib/libnet.dylib
0x000000013331d000 	/usr/local/Cellar/openjdk@8/1.8.0+282/libexec/openjdk.jdk/Contents/Home/jre/lib/libmanagement.dylib
0x0000000133bc0000 	/usr/local/Cellar/openjdk@8/1.8.0+282/libexec/openjdk.jdk/Contents/Home/jre/lib/libsunec.dylib
0x0000000134a54000 	/private/var/folders/3q/d3d_cssd3mj_2k1mc4ktq30m0000gn/T/liblz4-java2267471473457182770.dylib
0x0000000135461000 	/private/var/folders/3q/d3d_cssd3mj_2k1mc4ktq30m0000gn/T/jna--1267386138/jna7305756546711945038.tmp
0x00007fff3d3d6000 	/System/Library/Frameworks/JavaVM.framework/Versions/A/JavaVM
0x00007fff5dc6a000 	/System/Library/PrivateFrameworks/JavaLaunching.framework/Versions/A/JavaLaunching

VM Arguments:
jvm_args: -Xloggc:/usr/local/Cellar/cassandra/3.11.10/libexec/logs/gc.log -ea -XX:+UseThreadPriorities -XX:ThreadPriorityPolicy=42 -XX:+HeapDumpOnOutOfMemoryError -Xss256k -XX:StringTableSize=1000003 -XX:+AlwaysPreTouch -XX:-UseBiasedLocking -XX:+UseTLAB -XX:+ResizeTLAB -XX:+UseNUMA -XX:+PerfDisableSharedMem -Djava.net.preferIPv4Stack=true -XX:+UseParNewGC -XX:+UseConcMarkSweepGC -XX:+CMSParallelRemarkEnabled -XX:SurvivorRatio=8 -XX:MaxTenuringThreshold=1 -XX:CMSInitiatingOccupancyFraction=75 -XX:+UseCMSInitiatingOccupancyOnly -XX:CMSWaitDuration=10000 -XX:+CMSParallelInitialMarkEnabled -XX:+CMSEdenChunksRecordAlways -XX:+CMSClassUnloadingEnabled -XX:+PrintGCDetails -XX:+PrintGCDateStamps -XX:+PrintHeapAtGC -XX:+PrintTenuringDistribution -XX:+PrintGCApplicationStoppedTime -XX:+PrintPromotionFailure -XX:+UseGCLogFileRotation -XX:NumberOfGCLogFiles=10 -XX:GCLogFileSize=10M -Xms8192M -Xmx8192M -Xmn1600M -XX:+UseCondCardMark -XX:CompileCommandFile=/usr/local/etc/cassandra/hotspot_compiler -javaagent:/usr/local/Cellar/cassandra/3.11.10/libexec/jamm-0.3.0.jar -Dcassandra.jmx.local.port=7199 -Dcom.sun.management.jmxremote.authenticate=false -Dcom.sun.management.jmxremote.password.file=/etc/cassandra/jmxremote.password -Djava.library.path=/usr/local/Cellar/cassandra/3.11.10/libexec/sigar-bin -Dcassandra.libjemalloc=/usr/local/lib/libjemalloc.dylib -XX:OnOutOfMemoryError=kill -9 %p -Dlogback.configurationFile=logback.xml -Dcassandra.logdir=/usr/local/var/log/cassandra -Dcassandra.storagedir=/usr/local/var/lib/cassandra -Dcassandra-foreground=yes 
java_command: org.apache.cassandra.service.CassandraDaemon
java_class_path (initial): /usr/local/etc/cassandra:/usr/local/Cellar/cassandra/3.11.10/libexec/build/classes/main:/usr/local/Cellar/cassandra/3.11.10/libexec/build/classes/thrift:/usr/local/Cellar/cassandra/3.11.10/libexec/HdrHistogram-2.1.9.jar:/usr/local/Cellar/cassandra/3.11.10/libexec/ST4-4.0.8.jar:/usr/local/Cellar/cassandra/3.11.10/libexec/airline-0.6.jar:/usr/local/Cellar/cassandra/3.11.10/libexec/antlr-runtime-3.5.2.jar:/usr/local/Cellar/cassandra/3.11.10/libexec/apache-cassandra-3.11.10.jar:/usr/local/Cellar/cassandra/3.11.10/libexec/apache-cassandra-thrift-3.11.10.jar:/usr/local/Cellar/cassandra/3.11.10/libexec/asm-5.0.4.jar:/usr/local/Cellar/cassandra/3.11.10/libexec/caffeine-2.2.6.jar:/usr/local/Cellar/cassandra/3.11.10/libexec/cassandra-driver-core-3.0.1-shaded.jar:/usr/local/Cellar/cassandra/3.11.10/libexec/commons-cli-1.1.jar:/usr/local/Cellar/cassandra/3.11.10/libexec/commons-codec-1.9.jar:/usr/local/Cellar/cassandra/3.11.10/libexec/commons-lang3-3.1.jar:/usr/local/Cellar/cassandra/3.11.10/libexec/commons-math3-3.2.jar:/usr/local/Cellar/cassandra/3.11.10/libexec/compress-lzf-0.8.4.jar:/usr/local/Cellar/cassandra/3.11.10/libexec/concurrent-trees-2.4.0.jar:/usr/local/Cellar/cassandra/3.11.10/libexec/concurrentlinkedhashmap-lru-1.4.jar:/usr/local/Cellar/cassandra/3.11.10/libexec/disruptor-3.0.1.jar:/usr/local/Cellar/cassandra/3.11.10/libexec/ecj-4.4.2.jar:/usr/local/Cellar/cassandra/3.11.10/libexec/guava-18.0.jar:/usr/local/Cellar/cassandra/3.11.10/libexec/high-scale-lib-1.0.6.jar:/usr/local/Cellar/cassandra/3.11.10/libexec/hppc-0.5.4.jar:/usr/local/Cellar/cassandra/3.11.10/libexec/jackson-annotations-2.9.10.jar:/usr/local/Cellar/cassandra/3.11.10/libexec/jackson-core-2.9.10.jar:/usr/local/Cellar/cassandra/3.11.10/libexec/jackson-databind-2.9.10.4.jar:/usr/local/Cellar/cassandra/3.11.10/libexec/jamm-0.3.0.jar:/usr/local/Cellar/cassandra/3.11.10/libexec/javax.inject.jar:/usr/local/Cellar/cassandra/3.11.10/libexec/jbcrypt-0.3m.jar:/usr/local/Cellar/cas
Launcher Type: SUN_STANDARD

Environment Variables:
PATH=/usr/local/anaconda3/envs/geospatial/bin:/usr/local/anaconda3/condabin:/usr/local/opt/python@3.7/bin:/usr/local/opt/openjdk@11/bin:/Users/ankushsingal/.pyenv/shims:/home/username/miniconda/bin:/Library/Frameworks/Python.framework/Versions/3.9/bin:/usr/local/bin:/usr/bin:/bin:/usr/sbin:/sbin
SHELL=/bin/zsh
DYLD_INSERT_LIBRARIES=/usr/local/lib/libjemalloc.dylib

Signal Handlers:
SIGSEGV: [libjvm.dylib+0x58b0d3], sa_mask[0]=11111111011111110111111111111111, sa_flags=SA_ONSTACK|SA_RESTART|SA_SIGINFO
SIGBUS: [libjvm.dylib+0x58b0d3], sa_mask[0]=11111111011111110111111111111111, sa_flags=SA_RESTART|SA_SIGINFO
SIGFPE: [libjvm.dylib+0x4868d3], sa_mask[0]=11111111011111110111111111111111, sa_flags=SA_RESTART|SA_SIGINFO
SIGPIPE: [libjvm.dylib+0x4868d3], sa_mask[0]=11111111011111110111111111111111, sa_flags=SA_RESTART|SA_SIGINFO
SIGXFSZ: [libjvm.dylib+0x4868d3], sa_mask[0]=11111111011111110111111111111111, sa_flags=SA_RESTART|SA_SIGINFO
SIGILL: [libjvm.dylib+0x4868d3], sa_mask[0]=11111111011111110111111111111111, sa_flags=SA_RESTART|SA_SIGINFO
SIGUSR1: SIG_DFL, sa_mask[0]=00000000000000000000000000000000, sa_flags=SA_RESTART
SIGUSR2: [libjvm.dylib+0x4871a9], sa_mask[0]=00000000000000000000000000000000, sa_flags=SA_RESTART|SA_SIGINFO
SIGHUP: [libjvm.dylib+0x485399], sa_mask[0]=11111111011111110111111111111111, sa_flags=SA_RESTART|SA_SIGINFO
SIGINT: [libjvm.dylib+0x485399], sa_mask[0]=11111111011111110111111111111111, sa_flags=SA_RESTART|SA_SIGINFO
SIGTERM: [libjvm.dylib+0x485399], sa_mask[0]=11111111011111110111111111111111, sa_flags=SA_RESTART|SA_SIGINFO
SIGQUIT: [libjvm.dylib+0x485399], sa_mask[0]=11111111011111110111111111111111, sa_flags=SA_RESTART|SA_SIGINFO


---------------  S Y S T E M  ---------------

OS:Bsduname:Darwin 19.6.0 Darwin Kernel Version 19.6.0: Mon Apr 12 20:57:45 PDT 2021; root:xnu-6153.141.28.1~1/RELEASE_X86_64 x86_64
rlimit: STACK 8192k, CORE 0k, NPROC 11136, NOFILE 10240, AS infinity
load average:4.54 3.54 2.94

CPU:total 16 (initial active 16) (8 cores per cpu, 2 threads per core) family 6 model 158 stepping 13, cmov, cx8, fxsr, mmx, sse, sse2, sse3, ssse3, sse4.1, sse4.2, popcnt, avx, avx2, aes, clmul, erms, 3dnowpref, lzcnt, ht, tsc, tscinvbit, bmi1, bmi2, adx

Memory: 4k page, physical 67108864k(677692k free)

/proc/meminfo:


vm_info: OpenJDK 64-Bit Server VM (25.282-b00) for bsd-amd64 JRE (1.8.0_282-bre_2021_01_20_16_37-b00), built on Jan 20 2021 16:43:23 by "brew" with gcc Apple LLVM 12.0.0 (clang-1200.0.32.28)

time: Tue May 11 08:31:42 2021
timezone: JST
elapsed time: 7.047168 seconds (0d 0h 0m 7s)

